0 info it worked if it ends with ok
1 verbose cli [ '/Users/shun/.nvm/versions/node/v7.2.0/bin/node',
1 verbose cli   '/Users/shun/.nvm/versions/node/v7.2.0/bin/npm',
1 verbose cli   'run',
1 verbose cli   'ionic:serve',
1 verbose cli   '--',
1 verbose cli   '--v2',
1 verbose cli   '--address',
1 verbose cli   '0.0.0.0',
1 verbose cli   '--port',
1 verbose cli   '8100',
1 verbose cli   '--livereload-port',
1 verbose cli   '35729' ]
2 info using npm@3.10.9
3 info using node@v7.2.0
4 verbose run-script [ 'preionic:serve', 'ionic:serve', 'postionic:serve' ]
5 info lifecycle send7@1.0.0~preionic:serve: send7@1.0.0
6 silly lifecycle send7@1.0.0~preionic:serve: no script for preionic:serve, continuing
7 info lifecycle send7@1.0.0~ionic:serve: send7@1.0.0
8 verbose lifecycle send7@1.0.0~ionic:serve: unsafe-perm in lifecycle true
9 verbose lifecycle send7@1.0.0~ionic:serve: PATH: /Users/shun/.nvm/versions/node/v7.2.0/lib/node_modules/npm/bin/node-gyp-bin:/Users/shun/Develop/test/Send7/node_modules/.bin:/Users/shun/.nvm/versions/node/v7.2.0/bin:/usr/local/bin:/usr/bin:/bin:/usr/sbin:/sbin
10 verbose lifecycle send7@1.0.0~ionic:serve: CWD: /Users/shun/Develop/test/Send7
11 silly lifecycle send7@1.0.0~ionic:serve: Args: [ '-c',
11 silly lifecycle   'ionic-app-scripts serve "--v2" "--address" "0.0.0.0" "--port" "8100" "--livereload-port" "35729"' ]
12 silly lifecycle send7@1.0.0~ionic:serve: Returned: code: 1  signal: null
13 info lifecycle send7@1.0.0~ionic:serve: Failed to exec ionic:serve script
14 verbose stack Error: send7@1.0.0 ionic:serve: `ionic-app-scripts serve "--v2" "--address" "0.0.0.0" "--port" "8100" "--livereload-port" "35729"`
14 verbose stack Exit status 1
14 verbose stack     at EventEmitter.<anonymous> (/Users/shun/.nvm/versions/node/v7.2.0/lib/node_modules/npm/lib/utils/lifecycle.js:255:16)
14 verbose stack     at emitTwo (events.js:106:13)
14 verbose stack     at EventEmitter.emit (events.js:191:7)
14 verbose stack     at ChildProcess.<anonymous> (/Users/shun/.nvm/versions/node/v7.2.0/lib/node_modules/npm/lib/utils/spawn.js:40:14)
14 verbose stack     at emitTwo (events.js:106:13)
14 verbose stack     at ChildProcess.emit (events.js:191:7)
14 verbose stack     at maybeClose (internal/child_process.js:885:16)
14 verbose stack     at Process.ChildProcess._handle.onexit (internal/child_process.js:226:5)
15 verbose pkgid send7@1.0.0
16 verbose cwd /Users/shun/Develop/test/Send7
17 error Darwin 16.4.0
18 error argv "/Users/shun/.nvm/versions/node/v7.2.0/bin/node" "/Users/shun/.nvm/versions/node/v7.2.0/bin/npm" "run" "ionic:serve" "--" "--v2" "--address" "0.0.0.0" "--port" "8100" "--livereload-port" "35729"
19 error node v7.2.0
20 error npm  v3.10.9
21 error code ELIFECYCLE
22 error send7@1.0.0 ionic:serve: `ionic-app-scripts serve "--v2" "--address" "0.0.0.0" "--port" "8100" "--livereload-port" "35729"`
22 error Exit status 1
23 error Failed at the send7@1.0.0 ionic:serve script 'ionic-app-scripts serve "--v2" "--address" "0.0.0.0" "--port" "8100" "--livereload-port" "35729"'.
23 error Make sure you have the latest version of node.js and npm installed.
23 error If you do, this is most likely a problem with the send7 package,
23 error not with npm itself.
23 error Tell the author that this fails on your system:
23 error     ionic-app-scripts serve "--v2" "--address" "0.0.0.0" "--port" "8100" "--livereload-port" "35729"
23 error You can get information on how to open an issue for this project with:
23 error     npm bugs send7
23 error Or if that isn't available, you can get their info via:
23 error     npm owner ls send7
23 error There is likely additional logging output above.
24 verbose exit [ 1, true ]
